<?xml version="1.0" encoding="utf-8"?><testsuite errors="0" failures="0" name="pytest" skips="0" tests="6" time="0.049"><testcase classname="test.index_test.TestQueryPersonClassMethods" file="test/index_test.py" line="39" name="test_car_property_methods" time="0.00101470947265625"></testcase><testcase classname="test.index_test.TestQueryPersonClassMethods" file="test/index_test.py" line="51" name="test_cars_driven_by_class_method" time="0.000789642333984375"></testcase><testcase classname="test.index_test.TestQueryPersonClassMethods" file="test/index_test.py" line="54" name="test_drives_a_class_method" time="0.0008082389831542969"></testcase><testcase classname="test.index_test.TestQueryPersonClassMethods" file="test/index_test.py" line="60" name="test_drives_same_make_as_me_instance_method" time="0.000990152359008789"></testcase><testcase classname="test.index_test.TestQueryPersonClassMethods" file="test/index_test.py" line="57" name="test_has_oldest_car_class_method" time="0.0010495185852050781"></testcase><testcase classname="test.index_test.TestQueryPersonClassMethods" file="test/index_test.py" line="33" name="test_person_property_methods" time="0.0010569095611572266"></testcase></testsuite>